Build started 1/30/2011 5:10:41 PM.
     1>Project "C:\Documents and Settings\Owner\My Documents\Visual Studio 2010\Projects\DirectX Project 0001\DirectX Project 0001\DirectX Project 0001.vcxproj" on node 2 (build target(s)).
     1>InitializeBuildStatus:
         Creating "Debug\DirectX Project 0001.unsuccessfulbuild" because "AlwaysCreate" was specified.
       ClCompile:
         C:\Program Files\Microsoft Visual Studio 10.0\VC\bin\CL.exe /c /ZI /nologo /W3 /WX- /Od /Oy- /D WIN32 /D _DEBUG /D _WINDOWS /D _UNICODE /D UNICODE /Gm /EHsc /RTC1 /MDd /GS /fp:precise /Zc:wchar_t /Zc:forScope /Fo"Debug\\" /Fd"Debug\vc100.pdb" /Gd /TP /analyze- /errorReport:prompt main.cpp
         main.cpp
       ManifestResourceCompile:
         All outputs are up-to-date.
       Link:
         C:\Program Files\Microsoft Visual Studio 10.0\VC\bin\link.exe /ERRORREPORT:PROMPT /OUT:"C:\Documents and Settings\Owner\My Documents\Visual Studio 2010\Projects\DirectX Project 0001\Debug\DirectX Project 0001.exe" /INCREMENTAL /NOLOGO kernel32.lib user32.lib gdi32.lib winspool.lib comdlg32.lib advapi32.lib shell32.lib ole32.lib oleaut32.lib uuid.lib odbc32.lib odbccp32.lib kernel32.lib user32.lib gdi32.lib winspool.lib comdlg32.lib advapi32.lib shell32.lib ole32.lib oleaut32.lib uuid.lib odbc32.lib odbccp32.lib d3d9.lib D3Dx9.lib /MANIFEST /ManifestFile:"Debug\DirectX Project 0001.exe.intermediate.manifest" /MANIFESTUAC:"level='asInvoker' uiAccess='false'" /DEBUG /PDB:"C:\Documents and Settings\Owner\My Documents\Visual Studio 2010\Projects\DirectX Project 0001\Debug\DirectX Project 0001.pdb" /SUBSYSTEM:WINDOWS /TLBID:1 /DYNAMICBASE /NXCOMPAT /IMPLIB:"C:\Documents and Settings\Owner\My Documents\Visual Studio 2010\Projects\DirectX Project 0001\Debug\DirectX Project 0001.lib" /MACHINE:X86 "Debug\DirectX Project 0001.exe.embed.manifest.res"
         Debug\directXClass.obj
         Debug\main.obj
       Manifest:
         C:\Program Files\Microsoft SDKs\Windows\v7.0A\bin\mt.exe /nologo /verbose /out:"Debug\DirectX Project 0001.exe.embed.manifest" /manifest "Debug\DirectX Project 0001.exe.intermediate.manifest"
         All outputs are up-to-date.
       LinkEmbedManifest:
         All outputs are up-to-date.
         DirectX Project 0001.vcxproj -> C:\Documents and Settings\Owner\My Documents\Visual Studio 2010\Projects\DirectX Project 0001\Debug\DirectX Project 0001.exe
       FinalizeBuildStatus:
         Deleting file "Debug\DirectX Project 0001.unsuccessfulbuild".
         Touching "Debug\DirectX Project 0001.lastbuildstate".
     1>Done Building Project "C:\Documents and Settings\Owner\My Documents\Visual Studio 2010\Projects\DirectX Project 0001\DirectX Project 0001\DirectX Project 0001.vcxproj" (build target(s)).

Build succeeded.

Time Elapsed 00:00:06.25
